Starting project at /app
Starting Metro Bundler
warning: Bundler cache is empty, rebuilding (this may take a minute)
The following packages should be updated for best compatibility with the installed expo version:
  @react-native-community/datetimepicker@8.5.1 - expected version: 8.4.4
  @react-native-community/slider@5.1.1 - expected version: 5.0.1
  expo@54.0.30 - expected version: ~54.0.32
  expo-constants@18.0.12 - expected version: ~18.0.13
  expo-font@14.0.10 - expected version: ~14.0.11
  expo-notifications@0.32.15 - expected version: ~0.32.16
  react-native@0.81.4 - expected version: 0.81.5
Your project may not work correctly until you install the expected versions of the packages.
Waiting on http://localhost:8081
Logs for your project will appear below.
Web node_modules/expo/AppEntry.js ░░░░░░░░░░░░░░░░  0.0% (0/1)
Web node_modules/expo/AppEntry.js ▓▓▓▓▓▓▓▓▓▓░░░░░░ 66.3% ( 95/278)
Web node_modules/expo/AppEntry.js ▓▓▓▓▓▓▓▓▓▓░░░░░░ 66.3% (385/563)
Web node_modules/expo/AppEntry.js ▓▓▓▓▓▓▓▓▓▓▓░░░░░ 74.7% (790/936)
Web node_modules/expo/AppEntry.js ▓▓▓▓▓▓▓▓▓▓▓▓▓░░░ 81.5% (1031/1142)
Web node_modules/expo/AppEntry.js ▓▓▓▓▓▓▓▓▓▓▓▓▓░░░ 83.8% (1179/1288)
Web Bundled 20496ms node_modules/expo/AppEntry.js (1463 modules)
 LOG  [web] Logs will appear in the browser console
Web Bundled 83ms node_modules/@react-native-community/netinfo/lib/module/index.js (1 module)
Web node_modules/expo/AppEntry.js ░░░░░░░░░░░░░░░░  0.0% (0/1)
Web Bundled 69ms node_modules/expo/AppEntry.js (1 module)
 LOG  [web] Logs will appear in the browser console
Web Bundled 2ms node_modules/@react-native-community/netinfo/lib/module/index.js (1 module)
